<?xml version="1.0" encoding="UTF-8"?>
<!-- Generated by org.testng.reporters.JUnitReportReporter -->
<testsuite hostname="Lenovo" failures="0" tests="1" name="job_failure_package.Example" time="1.420" errors="0" timestamp="2022-06-02T17:29:24 IST" skipped="0">
  <testcase classname="job_failure_package.Example" name="verifysum" time="1.420"/>
  <system-out/>
</testsuite> <!-- job_failure_package.Example -->
