<?xml version="1.0" encoding="UTF-8"?>
<!-- Generated by org.testng.reporters.JUnitReportReporter -->
<testsuite hostname="Lenovo" failures="0" tests="4" name="job_failure_package.Job_Failure_LoginPage" time="192.893" errors="0" timestamp="2022-06-24T16:52:44 IST" skipped="0">
  <testcase classname="job_failure_package.Job_Failure_LoginPage" name="user_and_password_correct" time="59.705"/>
  <system-out/>
  <testcase classname="job_failure_package.Job_Failure_LoginPage" name="user_and_password_blank" time="74.151"/>
  <system-out/>
  <testcase classname="job_failure_package.Job_Failure_LoginPage" name="username_filled_and_password_blank" time="23.551"/>
  <system-out/>
  <testcase classname="job_failure_package.Job_Failure_LoginPage" name="Enter_invalid_username_and_password" time="35.486"/>
  <system-out/>
</testsuite> <!-- job_failure_package.Job_Failure_LoginPage -->
