<?xml version="1.0" encoding="UTF-8"?>
<!-- Generated by org.testng.reporters.JUnitReportReporter -->
<testsuite hostname="Lenovo" failures="0" tests="2" name="job_failure_package.Job_Failure_Search_Page" time="172.910" errors="0" timestamp="2022-06-24T16:52:44 IST" skipped="0">
  <testcase classname="job_failure_package.Job_Failure_Search_Page" name="Search_form" time="75.134"/>
  <system-out/>
  <testcase classname="job_failure_package.Job_Failure_Search_Page" name="Delete_configuration" time="97.776"/>
  <system-out/>
</testsuite> <!-- job_failure_package.Job_Failure_Search_Page -->
