<?xml version="1.0" encoding="UTF-8"?>
<!-- Generated by org.testng.reporters.JUnitReportReporter -->
<testsuite hostname="Lenovo" failures="0" tests="1" name="job_failure_package.Job_Failure_Edit_Page" time="137.211" errors="0" timestamp="2022-06-24T16:52:44 IST" skipped="0">
  <testcase classname="job_failure_package.Job_Failure_Edit_Page" name="Update_value_edit_form" time="137.211"/>
  <system-out/>
</testsuite> <!-- job_failure_package.Job_Failure_Edit_Page -->
