<?xml version="1.0" encoding="UTF-8"?>
<!-- Generated by org.testng.reporters.JUnitReportReporter -->
<testsuite hostname="Lenovo" failures="0" tests="2" name="job_failure_package.Job_Failure_Home_Page" time="173.150" errors="0" timestamp="2022-06-24T16:52:44 IST" skipped="0">
  <testcase classname="job_failure_package.Job_Failure_Home_Page" name="Verify_Add_confifuration_form" time="72.873"/>
  <system-out/>
  <testcase classname="job_failure_package.Job_Failure_Home_Page" name="Verify_Edit_configuration_form" time="100.277"/>
  <system-out/>
</testsuite> <!-- job_failure_package.Job_Failure_Home_Page -->
